<?xml version="1.0" encoding="UTF-8"?>
<testsuite name="ru.stqa.ptf.sandbox.SquareTests" tests="1" skipped="0" failures="0" errors="0" timestamp="2022-05-03T16:11:03" hostname="DESKTOP-UMB4HDM" time="0.004">
  <properties/>
  <testcase name="testArea" classname="ru.stqa.ptf.sandbox.SquareTests" time="0.004"/>
  <system-out><![CDATA[]]></system-out>
  <system-err><![CDATA[]]></system-err>
</testsuite>
