<?xml version="1.0" encoding="UTF-8"?>
<testsuite name="ru.stqa.ptf.sandbox.EquationTests" tests="6" skipped="0" failures="0" errors="0" timestamp="2022-06-01T19:29:53" hostname="DESKTOP-UMB4HDM" time="0.008">
  <properties/>
  <testcase name="testConstant" classname="ru.stqa.ptf.sandbox.EquationTests" time="0.004"/>
  <testcase name="testLinear" classname="ru.stqa.ptf.sandbox.EquationTests" time="0.0"/>
  <testcase name="testZero" classname="ru.stqa.ptf.sandbox.EquationTests" time="0.0"/>
  <testcase name="tests0" classname="ru.stqa.ptf.sandbox.EquationTests" time="0.0"/>
  <testcase name="tests1" classname="ru.stqa.ptf.sandbox.EquationTests" time="0.0"/>
  <testcase name="tests2" classname="ru.stqa.ptf.sandbox.EquationTests" time="0.0"/>
  <system-out><![CDATA[]]></system-out>
  <system-err><![CDATA[]]></system-err>
</testsuite>
